<?xml version="1.0" encoding="utf-8" standalone="no"?>
<!--This file represents the results of running a test suite-->
<test-results name="d:\Users\agross\Coding\.NET\Watchr\source\Client.Console\bin\Debug\Client.Console.exe" total="81" errors="0" failures="0" not-run="0" inconclusive="0" ignored="0" skipped="0" invalid="0" date="2014-06-25" time="20:36:27">
  <environment nunit-version="2.6.3.13283" clr-version="2.0.50727.5477" os-version="Microsoft Windows NT 6.1.7601 Service Pack 1" platform="Win32NT" cwd="D:\Users\agross\Coding\.NET\Watchr" machine-name="AXL" user="agross" user-domain="AXL" />
  <culture-info current-culture="de-DE" current-uiculture="en-US" />
  <test-suite type="Assembly" name="d:\Users\agross\Coding\.NET\Watchr\source\Client.Console\bin\Debug\Client.Console.exe" executed="True" result="Success" success="True" time="0.814" asserts="0">
    <results>
      <test-suite type="Namespace" name="Client" executed="True" result="Success" success="True" time="0.796" asserts="0">
        <results>
          <test-suite type="Namespace" name="Console" executed="True" result="Success" success="True" time="0.796" asserts="0">
            <results>
              <test-suite type="TestFixture" name="AnsiToHtmlSpecs" executed="True" result="Success" success="True" time="0.766" asserts="0">
                <results>
                  <test-case name="Client.Console.AnsiToHtmlSpecs.Should_apply_backspace_characters" executed="True" result="Success" success="True" time="0.329" asserts="1" />
                  <test-case name="Client.Console.AnsiToHtmlSpecs.Should_apply_backspace_characters_for_HTML_encoded_characters" executed="True" result="Success" success="True" time="0.000" asserts="1" />
                  <test-case name="Client.Console.AnsiToHtmlSpecs.Should_apply_multiple_adjacent_backspace_characters" executed="True" result="Success" success="True" time="0.000" asserts="1" />
                  <test-case name="Client.Console.AnsiToHtmlSpecs.Should_apply_multiple_backspace_characters" executed="True" result="Success" success="True" time="0.000" asserts="1" />
                  <test-case name="Client.Console.AnsiToHtmlSpecs.Should_encode_Html" executed="True" result="Success" success="True" time="0.002" asserts="1" />
                  <test-case name="Client.Console.AnsiToHtmlSpecs.Should_normalize_line_endings" executed="True" result="Success" success="True" time="0.001" asserts="1" />
                  <test-case name="Client.Console.AnsiToHtmlSpecs.Should_not_modify_non_ANSI" executed="True" result="Success" success="True" time="0.000" asserts="1" />
                  <test-case name="Client.Console.AnsiToHtmlSpecs.Should_remove_character_set_escapes" executed="True" result="Success" success="True" time="0.001" asserts="1" />
                  <test-case name="Client.Console.AnsiToHtmlSpecs.Should_remove_control_sequence_followed_by_uppercase_character" executed="True" result="Success" success="True" time="0.000" asserts="1" />
                  <test-case name="Client.Console.AnsiToHtmlSpecs.Should_remove_control_sequence_with_equals" executed="True" result="Success" success="True" time="0.000" asserts="1" />
                  <test-case name="Client.Console.AnsiToHtmlSpecs.Should_remove_control_sequence_with_greater_than" executed="True" result="Success" success="True" time="0.000" asserts="1" />
                  <test-case name="Client.Console.AnsiToHtmlSpecs.Should_remove_control_sequence_with_question_mark_1_character" executed="True" result="Success" success="True" time="0.001" asserts="1" />
                  <test-case name="Client.Console.AnsiToHtmlSpecs.Should_remove_CR_without_LF" executed="True" result="Success" success="True" time="0.000" asserts="1" />
                  <test-case name="Client.Console.AnsiToHtmlSpecs.Should_remove_malformed_sequences" executed="True" result="Success" success="True" time="0.001" asserts="1" />
                  <test-case name="Client.Console.AnsiToHtmlSpecs.Should_remove_markers_for_executing_commands" executed="True" result="Success" success="True" time="0.000" asserts="1" />
                  <test-case name="Client.Console.AnsiToHtmlSpecs.Should_remove_markers_for_finished_commands" executed="True" result="Success" success="True" time="0.000" asserts="1" />
                  <test-case name="Client.Console.AnsiToHtmlSpecs.Should_return_plain_text_when_plain_text_is_given" executed="True" result="Success" success="True" time="0.000" asserts="1" />
                  <test-suite type="ParameterizedTest" name="Should_support_background_colors" executed="True" result="Success" success="True" time="0.016" asserts="0">
                    <results>
                      <test-case name="Client.Console.AnsiToHtmlSpecs.Should_support_background_colors(&#x1B;[30m)" executed="True" result="Success" success="True" time="0.009" asserts="1" />
                      <test-case name="Client.Console.AnsiToHtmlSpecs.Should_support_background_colors(&#x1B;[31m)" executed="True" result="Success" success="True" time="0.000" asserts="1" />
                      <test-case name="Client.Console.AnsiToHtmlSpecs.Should_support_background_colors(&#x1B;[32m)" executed="True" result="Success" success="True" time="0.000" asserts="1" />
                      <test-case name="Client.Console.AnsiToHtmlSpecs.Should_support_background_colors(&#x1B;[33m)" executed="True" result="Success" success="True" time="0.000" asserts="1" />
                      <test-case name="Client.Console.AnsiToHtmlSpecs.Should_support_background_colors(&#x1B;[34m)" executed="True" result="Success" success="True" time="0.000" asserts="1" />
                      <test-case name="Client.Console.AnsiToHtmlSpecs.Should_support_background_colors(&#x1B;[35m)" executed="True" result="Success" success="True" time="0.000" asserts="1" />
                      <test-case name="Client.Console.AnsiToHtmlSpecs.Should_support_background_colors(&#x1B;[36m)" executed="True" result="Success" success="True" time="0.000" asserts="1" />
                      <test-case name="Client.Console.AnsiToHtmlSpecs.Should_support_background_colors(&#x1B;[37m)" executed="True" result="Success" success="True" time="0.000" asserts="1" />
                    </results>
                  </test-suite>
                  <test-case name="Client.Console.AnsiToHtmlSpecs.Should_support_backspace_characters_across_interleaved_escape_codes" executed="True" result="Success" success="True" time="0.000" asserts="1" />
                  <test-case name="Client.Console.AnsiToHtmlSpecs.Should_support_backspace_characters_at_the_beginning_of_the_string" executed="True" result="Success" success="True" time="0.000" asserts="1" />
                  <test-case name="Client.Console.AnsiToHtmlSpecs.Should_support_backspace_characters_with_interleaved_escape_codes" executed="True" result="Success" success="True" time="0.000" asserts="1" />
                  <test-case name="Client.Console.AnsiToHtmlSpecs.Should_support_bold" executed="True" result="Success" success="True" time="0.000" asserts="1" />
                  <test-suite type="ParameterizedTest" name="Should_support_bold_background_colors" executed="True" result="Success" success="True" time="0.009" asserts="0">
                    <results>
                      <test-case name="Client.Console.AnsiToHtmlSpecs.Should_support_bold_background_colors(&#x1B;[30m)" executed="True" result="Success" success="True" time="0.001" asserts="1" />
                      <test-case name="Client.Console.AnsiToHtmlSpecs.Should_support_bold_background_colors(&#x1B;[31m)" executed="True" result="Success" success="True" time="0.000" asserts="1" />
                      <test-case name="Client.Console.AnsiToHtmlSpecs.Should_support_bold_background_colors(&#x1B;[32m)" executed="True" result="Success" success="True" time="0.000" asserts="1" />
                      <test-case name="Client.Console.AnsiToHtmlSpecs.Should_support_bold_background_colors(&#x1B;[33m)" executed="True" result="Success" success="True" time="0.000" asserts="1" />
                      <test-case name="Client.Console.AnsiToHtmlSpecs.Should_support_bold_background_colors(&#x1B;[34m)" executed="True" result="Success" success="True" time="0.000" asserts="1" />
                      <test-case name="Client.Console.AnsiToHtmlSpecs.Should_support_bold_background_colors(&#x1B;[35m)" executed="True" result="Success" success="True" time="0.000" asserts="1" />
                      <test-case name="Client.Console.AnsiToHtmlSpecs.Should_support_bold_background_colors(&#x1B;[36m)" executed="True" result="Success" success="True" time="0.000" asserts="1" />
                      <test-case name="Client.Console.AnsiToHtmlSpecs.Should_support_bold_background_colors(&#x1B;[37m)" executed="True" result="Success" success="True" time="0.000" asserts="1" />
                    </results>
                  </test-suite>
                  <test-suite type="ParameterizedTest" name="Should_support_bold_foreground_colors" executed="True" result="Success" success="True" time="0.006" asserts="0">
                    <results>
                      <test-case name="Client.Console.AnsiToHtmlSpecs.Should_support_bold_foreground_colors(&#x1B;[30m)" executed="True" result="Success" success="True" time="0.000" asserts="1" />
                      <test-case name="Client.Console.AnsiToHtmlSpecs.Should_support_bold_foreground_colors(&#x1B;[31m)" executed="True" result="Success" success="True" time="0.000" asserts="1" />
                      <test-case name="Client.Console.AnsiToHtmlSpecs.Should_support_bold_foreground_colors(&#x1B;[32m)" executed="True" result="Success" success="True" time="0.000" asserts="1" />
                      <test-case name="Client.Console.AnsiToHtmlSpecs.Should_support_bold_foreground_colors(&#x1B;[33m)" executed="True" result="Success" success="True" time="0.000" asserts="1" />
                      <test-case name="Client.Console.AnsiToHtmlSpecs.Should_support_bold_foreground_colors(&#x1B;[34m)" executed="True" result="Success" success="True" time="0.000" asserts="1" />
                      <test-case name="Client.Console.AnsiToHtmlSpecs.Should_support_bold_foreground_colors(&#x1B;[35m)" executed="True" result="Success" success="True" time="0.000" asserts="1" />
                      <test-case name="Client.Console.AnsiToHtmlSpecs.Should_support_bold_foreground_colors(&#x1B;[36m)" executed="True" result="Success" success="True" time="0.000" asserts="1" />
                      <test-case name="Client.Console.AnsiToHtmlSpecs.Should_support_bold_foreground_colors(&#x1B;[37m)" executed="True" result="Success" success="True" time="0.000" asserts="1" />
                    </results>
                  </test-suite>
                  <test-case name="Client.Console.AnsiToHtmlSpecs.Should_support_conceal" executed="True" result="Success" success="True" time="0.001" asserts="1" />
                  <test-case name="Client.Console.AnsiToHtmlSpecs.Should_support_disabled_underline" executed="True" result="Success" success="True" time="0.002" asserts="1" />
                  <test-case name="Client.Console.AnsiToHtmlSpecs.Should_support_dumps" executed="True" result="Success" success="True" time="0.334" asserts="1" />
                  <test-suite type="ParameterizedTest" name="Should_support_foreground_colors" executed="True" result="Success" success="True" time="0.006" asserts="0">
                    <results>
                      <test-case name="Client.Console.AnsiToHtmlSpecs.Should_support_foreground_colors(&#x1B;[30m)" executed="True" result="Success" success="True" time="0.000" asserts="1" />
                      <test-case name="Client.Console.AnsiToHtmlSpecs.Should_support_foreground_colors(&#x1B;[31m)" executed="True" result="Success" success="True" time="0.000" asserts="1" />
                      <test-case name="Client.Console.AnsiToHtmlSpecs.Should_support_foreground_colors(&#x1B;[32m)" executed="True" result="Success" success="True" time="0.000" asserts="1" />
                      <test-case name="Client.Console.AnsiToHtmlSpecs.Should_support_foreground_colors(&#x1B;[33m)" executed="True" result="Success" success="True" time="0.000" asserts="1" />
                      <test-case name="Client.Console.AnsiToHtmlSpecs.Should_support_foreground_colors(&#x1B;[34m)" executed="True" result="Success" success="True" time="0.000" asserts="1" />
                      <test-case name="Client.Console.AnsiToHtmlSpecs.Should_support_foreground_colors(&#x1B;[35m)" executed="True" result="Success" success="True" time="0.000" asserts="1" />
                      <test-case name="Client.Console.AnsiToHtmlSpecs.Should_support_foreground_colors(&#x1B;[36m)" executed="True" result="Success" success="True" time="0.000" asserts="1" />
                      <test-case name="Client.Console.AnsiToHtmlSpecs.Should_support_foreground_colors(&#x1B;[37m)" executed="True" result="Success" success="True" time="0.000" asserts="1" />
                    </results>
                  </test-suite>
                  <test-case name="Client.Console.AnsiToHtmlSpecs.Should_support_inverse" executed="True" result="Success" success="True" time="0.000" asserts="1" />
                  <test-case name="Client.Console.AnsiToHtmlSpecs.Should_support_italic" executed="True" result="Success" success="True" time="0.000" asserts="1" />
                  <test-case name="Client.Console.AnsiToHtmlSpecs.Should_support_multiple_attributes" executed="True" result="Success" success="True" time="0.000" asserts="1" />
                  <test-case name="Client.Console.AnsiToHtmlSpecs.Should_support_multiple_attributes_with_trailing_semicolon" executed="True" result="Success" success="True" time="0.000" asserts="1" />
                  <test-case name="Client.Console.AnsiToHtmlSpecs.Should_support_multiple_colors_per_line" executed="True" result="Success" success="True" time="0.001" asserts="1" />
                  <test-case name="Client.Console.AnsiToHtmlSpecs.Should_support_multiple_resets" executed="True" result="Success" success="True" time="0.000" asserts="1" />
                  <test-case name="Client.Console.AnsiToHtmlSpecs.Should_support_rapid_blink" executed="True" result="Success" success="True" time="0.000" asserts="1" />
                  <test-case name="Client.Console.AnsiToHtmlSpecs.Should_support_resets" executed="True" result="Success" success="True" time="0.000" asserts="1" />
                  <test-case name="Client.Console.AnsiToHtmlSpecs.Should_support_resets_without_explicit_0" executed="True" result="Success" success="True" time="0.000" asserts="1" />
                  <test-case name="Client.Console.AnsiToHtmlSpecs.Should_support_resetting_to_the_default_background_color" executed="True" result="Success" success="True" time="0.000" asserts="1" />
                  <test-case name="Client.Console.AnsiToHtmlSpecs.Should_support_resetting_to_the_default_foreground_color" executed="True" result="Success" success="True" time="0.000" asserts="1" />
                  <test-case name="Client.Console.AnsiToHtmlSpecs.Should_support_slow_blink" executed="True" result="Success" success="True" time="0.000" asserts="1" />
                  <test-case name="Client.Console.AnsiToHtmlSpecs.Should_support_strikethrough" executed="True" result="Success" success="True" time="0.000" asserts="1" />
                  <test-case name="Client.Console.AnsiToHtmlSpecs.Should_support_underline" executed="True" result="Success" success="True" time="0.000" asserts="1" />
                </results>
              </test-suite>
              <test-suite type="TestFixture" name="UnbufferedStreamReaderSpecs" executed="True" result="Success" success="True" time="0.022" asserts="0">
                <results>
                  <test-case name="Client.Console.UnbufferedStreamReaderSpecs.Should_read_empty_stream" executed="True" result="Success" success="True" time="0.003" asserts="2" />
                  <test-suite type="ParameterizedTest" name="Should_read_multiple_lines_including_terminators" executed="True" result="Success" success="True" time="0.009" asserts="0">
                    <results>
                      <test-case name="Client.Console.UnbufferedStreamReaderSpecs.Should_read_multiple_lines_including_terminators(&quot;hello\rworld&quot;,System.String[])" executed="True" result="Success" success="True" time="0.007" asserts="3" />
                      <test-case name="Client.Console.UnbufferedStreamReaderSpecs.Should_read_multiple_lines_including_terminators(&quot;hello\r\nworld&quot;,&quot;hello\r\n&quot;,&quot;world&quot;)" executed="True" result="Success" success="True" time="0.000" asserts="5" />
                      <test-case name="Client.Console.UnbufferedStreamReaderSpecs.Should_read_multiple_lines_including_terminators(&quot;hello\nworld&quot;,&quot;hello\n&quot;,&quot;world&quot;)" executed="True" result="Success" success="True" time="0.000" asserts="5" />
                    </results>
                  </test-suite>
                  <test-suite type="ParameterizedTest" name="Should_read_single_line_including_terminators" executed="True" result="Success" success="True" time="0.004" asserts="0">
                    <results>
                      <test-case name="Client.Console.UnbufferedStreamReaderSpecs.Should_read_single_line_including_terminators(&quot;hello\r\n&quot;)" executed="True" result="Success" success="True" time="0.001" asserts="3" />
                      <test-case name="Client.Console.UnbufferedStreamReaderSpecs.Should_read_single_line_including_terminators(&quot;hello&quot;)" executed="True" result="Success" success="True" time="0.000" asserts="3" />
                      <test-case name="Client.Console.UnbufferedStreamReaderSpecs.Should_read_single_line_including_terminators(&quot;hello\r&quot;)" executed="True" result="Success" success="True" time="0.000" asserts="3" />
                      <test-case name="Client.Console.UnbufferedStreamReaderSpecs.Should_read_single_line_including_terminators(&quot;hello\n&quot;)" executed="True" result="Success" success="True" time="0.000" asserts="3" />
                    </results>
                  </test-suite>
                  <test-case name="Client.Console.UnbufferedStreamReaderSpecs.Should_return_end_of_empty_base_stream" executed="True" result="Success" success="True" time="0.000" asserts="1" />
                  <test-case name="Client.Console.UnbufferedStreamReaderSpecs.Should_return_initial_position" executed="True" result="Success" success="True" time="0.001" asserts="1" />
                  <test-case name="Client.Console.UnbufferedStreamReaderSpecs.Should_return_length_of_empty_base_stream" executed="True" result="Success" success="True" time="0.000" asserts="1" />
                </results>
              </test-suite>
            </results>
          </test-suite>
        </results>
      </test-suite>
    </results>
  </test-suite>
</test-results>